Flutter crash report; please file at https://github.com/flutter/flutter/issues.

## command

flutter build bundle --suppress-analytics --target lib/main.dart --depfile /Users/zhaohongyun1/xh-project/flutterProject/my_flutter/.android/Flutter/build/intermediates/flutter/debug/snapshot_blob.bin.d --asset-dir /Users/zhaohongyun1/xh-project/flutterProject/my_flutter/.android/Flutter/build/intermediates/flutter/debug/flutter_assets --debug

## exception

FileSystemException: FileSystemException: Cannot open file, path = 'build/app.dill' (OS Error: No such file or directory, errno = 2)

```
#0      _File.open.<anonymous closure> (dart:io/file_impl.dart:368:9)
#1      _rootRunUnary (dart:async/zone.dart:1132:38)
#2      _CustomZone.runUnary (dart:async/zone.dart:1029:19)
#3      _FutureListener.handleValue (dart:async/future_impl.dart:129:18)
#4      Future._propagateToListeners.handleValueCallback (dart:async/future_impl.dart:642:45)
#5      Future._propagateToListeners (dart:async/future_impl.dart:671:32)
#6      Future._completeWithValue (dart:async/future_impl.dart:486:5)
#7      Future._asyncComplete.<anonymous closure> (dart:async/future_impl.dart:516:7)
#8      _rootRun (dart:async/zone.dart:1124:13)
#9      _CustomZone.run (dart:async/zone.dart:1021:19)
#10     _CustomZone.bindCallback.<anonymous closure> (dart:async/zone.dart:947:23)
#11     _microtaskLoop (dart:async/schedule_microtask.dart:41:21)
#12     _startMicrotaskLoop (dart:async/schedule_microtask.dart:50:5)
#13     _runPendingImmediateCallback (dart:isolate/runtime/libisolate_patch.dart:115:13)
#14     _RawReceivePortImpl._handleMessage (dart:isolate/runtime/libisolate_patch.dart:172:5)
```

## flutter doctor

```
[✓] Flutter (Channel master, v1.1.1-pre.6, on Mac OS X 10.13.6 17G3025, locale zh-Hans-CN)
    • Flutter version 1.1.1-pre.6 at /Users/zhaohongyun1/FlutterSdk/flutter
    • Framework revision 114335dff0 (28 hours ago), 2018-12-12 14:46:05 +0800
    • Engine revision 25b58c0c67
    • Dart version 2.1.0 (build 2.1.0-dev.9.4 f9ebf21297)

[✓] Android toolchain - develop for Android devices (Android SDK 28.0.3)
    • Android SDK at /Users/zhaohongyun1/Library/Android/sdk
    • Android NDK location not configured (optional; useful for native profiling support)
    • Platform android-28, build-tools 28.0.3
    • Java binary at: /Applications/Android Studio.app/Contents/jre/jdk/Contents/Home/bin/java
    • Java version OpenJDK Runtime Environment (build 1.8.0_152-release-1136-b06)
    • All Android licenses accepted.

[✓] iOS toolchain - develop for iOS devices (Xcode 10.1)
    • Xcode at /Applications/Xcode.app/Contents/Developer
    • Xcode 10.1, Build version 10B61
    • ios-deploy 2.0.0
    • CocoaPods version 1.5.3

[✓] Android Studio (version 3.2)
    • Android Studio at /Applications/Android Studio.app/Contents
    • Flutter plugin version 30.0.1
    • Dart plugin version 181.5656
    • Java version OpenJDK Runtime Environment (build 1.8.0_152-release-1136-b06)

[✓] VS Code (version 1.29.1)
    • VS Code at /Applications/Visual Studio Code.app/Contents
    • Flutter extension version 2.21.1

[✓] Connected device (1 available)
    • Android SDK built for x86 • emulator-5554 • android-x86 • Android 9 (API 28) (emulator)

• No issues found!
```
